<?xml version="1.0" encoding="UTF-8"?>
<!-- Generated by org.testng.reporters.JUnitReportReporter -->
<testsuite hostname="DESKTOP-653N01I" failures="0" tests="2" name="tests.Login" time="48.936" errors="0" timestamp="2021-12-16T14:40:39 IST" skipped="0">
  <testcase classname="tests.Login" name="loginWithValidCredentials" time="15.962"/>
  <system-out/>
  <testcase classname="tests.Login" name="loginWithInvalidCredentials" time="32.974"/>
  <system-out/>
</testsuite> <!-- tests.Login -->
