<?xml version="1.0" encoding="UTF-8"?>
<!-- Generated by org.testng.reporters.JUnitReportReporter -->
<testsuite hostname="DESKTOP-653N01I" failures="0" tests="2" name="tests.Search" time="41.699" errors="0" timestamp="2021-12-16T14:40:39 IST" skipped="0">
  <testcase classname="tests.Search" name="searchWithAnExistingProduct" time="23.783"/>
  <system-out/>
  <testcase classname="tests.Search" name="searchWithNonExistingProduct" time="17.916"/>
  <system-out/>
</testsuite> <!-- tests.Search -->
