<?xml version="1.0" encoding="UTF-8"?>
<!-- Generated by org.testng.reporters.JUnitReportReporter -->
<testsuite hostname="DESKTOP-653N01I" failures="0" tests="2" name="tests.SearchTest" time="46.821" errors="0" timestamp="2021-12-16T16:07:23 IST" skipped="0">
  <testcase classname="tests.SearchTest" name="searchWithAnExistingProduct" time="15.268"/>
  <system-out/>
  <testcase classname="tests.SearchTest" name="searchWithNonExistingProduct" time="31.553"/>
  <system-out/>
</testsuite> <!-- tests.SearchTest -->
