<?xml version="1.0" encoding="UTF-8"?>
<!-- Generated by org.testng.reporters.JUnitReportReporter -->
<testsuite hostname="DESKTOP-653N01I" failures="0" tests="2" name="tests.SearchTest" time="23.549" errors="0" timestamp="2021-12-16T15:13:38 IST" skipped="0">
  <testcase classname="tests.SearchTest" name="searchWithAnExistingProduct" time="12.008"/>
  <system-out/>
  <testcase classname="tests.SearchTest" name="searchWithNonExistingProduct" time="11.541"/>
  <system-out/>
</testsuite> <!-- tests.SearchTest -->
