<?xml version="1.0" encoding="UTF-8"?>
<!-- Generated by org.testng.reporters.JUnitReportReporter -->
<testsuite hostname="DESKTOP-653N01I" failures="0" tests="2" name="tests.LoginTest" time="52.673" errors="0" timestamp="2021-12-16T15:13:38 IST" skipped="0">
  <testcase classname="tests.LoginTest" name="loginWithValidCredentials" time="27.769"/>
  <system-out/>
  <testcase classname="tests.LoginTest" name="loginWithInvalidCredentials" time="24.904"/>
  <system-out/>
</testsuite> <!-- tests.LoginTest -->
